TN:
SF:/Users/mattbookpro/Dropbox/3months/bridge-contracts-fork/contracts/ERC677.sol
FNF:0
FNH:0
LF:0
LH:0
BRF:0
BRH:0
end_of_record
TN:
SF:/Users/mattbookpro/Dropbox/3months/bridge-contracts-fork/contracts/ERC677Receiver.sol
FNF:0
FNH:0
LF:0
LH:0
BRF:0
BRH:0
end_of_record
TN:
SF:/Users/mattbookpro/Dropbox/3months/bridge-contracts-fork/contracts/IBridgeValidators.sol
FNF:0
FNH:0
LF:0
LH:0
BRF:0
BRH:0
end_of_record
TN:
SF:/Users/mattbookpro/Dropbox/3months/bridge-contracts-fork/contracts/IBurnableMintableERC677Token.sol
FNF:0
FNH:0
LF:0
LH:0
BRF:0
BRH:0
end_of_record
TN:
SF:/Users/mattbookpro/Dropbox/3months/bridge-contracts-fork/contracts/libraries/Helpers.sol
FN:6,addressArrayContains
FN:15,uintToString
FN:35,hasEnoughValidSignatures
FN:60,recoverAddressFromSignedMessage
FN:74,hashMessage
FNF:5
FNH:5
FNDA:10,addressArrayContains
FNDA:13,uintToString
FNDA:9,hasEnoughValidSignatures
FNDA:5,recoverAddressFromSignedMessage
FNDA:13,hashMessage
DA:7,10
DA:8,13
DA:9,1
DA:12,9
DA:17,13
DA:18,13
DA:19,13
DA:24,13
DA:26,13
DA:27,13
DA:28,13
DA:32,13
DA:41,9
DA:42,9
DA:43,8
DA:44,8
DA:46,8
DA:47,10
DA:48,10
DA:49,10
DA:50,1
DA:52,9
DA:54,7
DA:61,5
DA:62,5
DA:63,5
DA:64,5
DA:66,5
DA:71,5
DA:75,13
DA:76,13
LF:31
LH:31
BRDA:8,1,0,1
BRDA:8,1,1,12
BRDA:42,2,0,8
BRDA:42,2,1,1
BRDA:48,3,0,10
BRDA:48,3,1,0
BRDA:49,4,0,1
BRDA:49,4,1,9
BRDA:61,5,0,5
BRDA:61,5,1,0
BRF:10
BRH:8
end_of_record
TN:
SF:/Users/mattbookpro/Dropbox/3months/bridge-contracts-fork/contracts/libraries/Message.sol
FN:23,getRecipient
FN:32,getValue
FN:41,getTransactionHash
FNF:3
FNH:3
FNDA:7,getRecipient
FNDA:7,getValue
FNDA:7,getTransactionHash
DA:24,7
DA:26,7
DA:29,7
DA:33,7
DA:35,7
DA:38,7
DA:42,7
DA:44,7
DA:47,7
LF:9
LH:9
BRF:0
BRH:0
end_of_record
TN:
SF:/Users/mattbookpro/Dropbox/3months/bridge-contracts-fork/contracts/libraries/SafeMath.sol
FN:13,mul
FN:25,div
FN:35,sub
FN:43,add
FNF:4
FNH:2
FNDA:0,mul
FNDA:0,div
FNDA:2,sub
FNDA:84,add
DA:14,0
DA:15,0
DA:17,0
DA:18,0
DA:19,0
DA:27,0
DA:29,0
DA:36,2
DA:37,2
DA:44,84
DA:45,84
DA:46,84
LF:12
LH:5
BRDA:14,1,0,0
BRDA:14,1,1,0
BRDA:18,2,0,0
BRDA:18,2,1,0
BRDA:36,3,0,2
BRDA:36,3,1,0
BRDA:45,4,0,84
BRDA:45,4,1,0
BRF:8
BRH:2
end_of_record
TN:
SF:/Users/mattbookpro/Dropbox/3months/bridge-contracts-fork/contracts/POA20.sol
FN:17,POA20
FN:23,validRecipient
FN:28,transferAndCall
FN:39,contractFallback
FN:46,isContract
FNF:5
FNH:5
FNDA:23,POA20
FNDA:12,validRecipient
FNDA:10,transferAndCall
FNDA:10,contractFallback
FNDA:10,isContract
DA:24,12
DA:25,10
DA:31,10
DA:32,10
DA:33,10
DA:34,10
DA:36,6
DA:42,10
DA:43,10
DA:50,10
DA:51,10
DA:52,10
LF:12
LH:12
BRDA:24,1,0,10
BRDA:24,1,1,2
BRDA:33,2,0,10
BRDA:33,2,1,0
BRF:4
BRH:3
end_of_record
TN:
SF:/Users/mattbookpro/Dropbox/3months/bridge-contracts-fork/contracts/upgradeability/EternalStorage.sol
FNF:0
FNH:0
LF:0
LH:0
BRF:0
BRH:0
end_of_record
TN:
SF:/Users/mattbookpro/Dropbox/3months/bridge-contracts-fork/contracts/upgradeability/EternalStorageProxy.sol
FNF:0
FNH:0
LF:0
LH:0
BRF:0
BRH:0
end_of_record
TN:
SF:/Users/mattbookpro/Dropbox/3months/bridge-contracts-fork/contracts/upgradeability/OwnedUpgradeabilityProxy.sol
FN:22,OwnedUpgradeabilityProxy
FN:29,onlyProxyOwner
FN:38,proxyOwner
FN:46,transferProxyOwnership
FN:57,upgradeTo
FN:69,upgradeToAndCall
FNF:6
FNH:4
FNDA:3,OwnedUpgradeabilityProxy
FNDA:3,onlyProxyOwner
FNDA:3,proxyOwner
FNDA:0,transferProxyOwnership
FNDA:3,upgradeTo
FNDA:0,upgradeToAndCall
DA:23,3
DA:30,3
DA:31,3
DA:39,3
DA:47,0
DA:48,0
DA:49,0
DA:58,3
DA:70,0
DA:71,0
LF:10
LH:5
BRDA:30,1,0,3
BRDA:30,1,1,0
BRDA:47,2,0,0
BRDA:47,2,1,0
BRDA:71,3,0,0
BRDA:71,3,1,0
BRF:6
BRH:1
end_of_record
TN:
SF:/Users/mattbookpro/Dropbox/3months/bridge-contracts-fork/contracts/upgradeability/Proxy.sol
FN:20,
FNF:1
FNH:1
FNDA:9,
DA:21,9
DA:22,9
DA:23,9
DA:25,9
LF:4
LH:4
BRDA:22,1,0,9
BRDA:22,1,1,0
BRF:2
BRH:1
end_of_record
TN:
SF:/Users/mattbookpro/Dropbox/3months/bridge-contracts-fork/contracts/upgradeability/UpgradeabilityOwnerStorage.sol
FN:16,upgradeabilityOwner
FN:23,setUpgradeabilityOwner
FNF:2
FNH:2
FNDA:3,upgradeabilityOwner
FNDA:3,setUpgradeabilityOwner
DA:17,3
DA:24,3
LF:2
LH:2
BRF:0
BRH:0
end_of_record
TN:
SF:/Users/mattbookpro/Dropbox/3months/bridge-contracts-fork/contracts/upgradeability/UpgradeabilityProxy.sol
FN:24,_upgradeTo
FNF:1
FNH:1
FNDA:3,_upgradeTo
DA:25,3
DA:26,3
DA:27,3
DA:28,3
LF:4
LH:4
BRDA:25,1,0,3
BRDA:25,1,1,0
BRF:2
BRH:1
end_of_record
TN:
SF:/Users/mattbookpro/Dropbox/3months/bridge-contracts-fork/contracts/upgradeability/UpgradeabilityStorage.sol
FN:19,version
FN:27,implementation
FNF:2
FNH:1
FNDA:0,version
FNDA:9,implementation
DA:20,0
DA:28,9
LF:2
LH:1
BRF:0
BRH:0
end_of_record
TN:
SF:/Users/mattbookpro/Dropbox/3months/bridge-contracts-fork/contracts/upgradeable_contracts/Ownable.sol
FN:23,onlyOwner
FN:32,owner
FN:40,transferOwnership
FN:48,setOwner
FNF:4
FNH:3
FNDA:67,onlyOwner
FNDA:194,owner
FNDA:0,transferOwnership
FNDA:17,setOwner
DA:24,67
DA:25,64
DA:33,194
DA:41,0
DA:42,0
DA:49,17
DA:50,17
LF:7
LH:5
BRDA:24,1,0,64
BRDA:24,1,1,3
BRDA:41,2,0,0
BRDA:41,2,1,0
BRF:4
BRH:2
end_of_record
TN:
SF:/Users/mattbookpro/Dropbox/3months/bridge-contracts-fork/contracts/upgradeable_contracts/U_BridgeValidators.sol
FN:14,initialize
FN:27,addValidator
FN:35,removeValidator
FN:43,setRequiredSignatures
FN:48,requiredSignatures
FN:52,validatorCount
FN:56,validators
FN:60,isValidator
FN:64,isInitialized
FN:68,setValidatorCount
FN:72,setValidator
FN:76,setInitialize
FNF:12
FNH:12
FNDA:18,initialize
FNDA:41,addValidator
FNDA:5,removeValidator
FNDA:18,setRequiredSignatures
FNDA:29,requiredSignatures
FNDA:78,validatorCount
FNDA:118,validators
FNDA:78,isValidator
FNDA:20,isInitialized
FNDA:41,setValidatorCount
FNDA:41,setValidator
FNDA:16,setInitialize
DA:15,18
DA:16,17
DA:17,17
DA:18,17
DA:19,16
DA:20,38
DA:21,38
DA:23,16
DA:24,16
DA:28,41
DA:29,40
DA:30,39
DA:31,39
DA:32,39
DA:36,5
DA:37,4
DA:38,2
DA:39,2
DA:40,2
DA:44,18
DA:45,17
DA:49,29
DA:53,78
DA:57,118
DA:61,78
DA:65,20
DA:69,41
DA:73,41
DA:77,16
LF:29
LH:29
BRDA:15,1,0,17
BRDA:15,1,1,1
BRDA:17,2,0,17
BRDA:17,2,1,0
BRDA:18,3,0,16
BRDA:18,3,1,1
BRDA:20,4,0,38
BRDA:20,4,1,0
BRDA:28,5,0,40
BRDA:28,5,1,1
BRDA:29,6,0,39
BRDA:29,6,1,1
BRDA:36,7,0,4
BRDA:36,7,1,1
BRDA:37,8,0,2
BRDA:37,8,1,2
BRDA:44,9,0,17
BRDA:44,9,1,1
BRF:18
BRH:16
end_of_record
TN:
SF:/Users/mattbookpro/Dropbox/3months/bridge-contracts-fork/contracts/upgradeable_contracts/U_ForeignBridge.sol
FN:27,initialize
FN:47,onTokenTransfer
FN:57,setMaxPerTx
FN:62,setMinPerTx
FN:67,minPerTx
FN:71,maxPerTx
FN:75,totalSpentPerDay
FN:79,deployedAtBlock
FN:83,gasLimitDepositRelay
FN:87,gasLimitWithdrawConfirm
FN:91,foreignDailyLimit
FN:95,erc677token
FN:99,setGasLimits
FN:105,deposit
FN:137,submitSignature
FN:168,signature
FN:174,message
FN:178,getCurrentDay
FN:182,setForeignDailyLimit
FN:188,withinLimit
FN:193,isInitialized
FN:197,homeGasPrice
FN:201,messages
FN:205,setMessages
FN:209,signatures
FN:213,setSignatures
FN:217,messagesSigned
FN:221,depositsSigned
FN:225,numMessagesSigned
FN:229,numDepositsSigned
FN:233,setMessagesSigned
FN:237,setDepositsSigned
FN:241,setNumMessagesSigned
FN:245,setNumDepositsSigned
FN:249,setTotalSpentPerDay
FN:253,setErc677token
FN:258,setInitialize
FNF:37
FNH:34
FNDA:15,initialize
FNDA:10,onTokenTransfer
FNDA:17,setMaxPerTx
FNDA:17,setMinPerTx
FNDA:7,minPerTx
FNDA:26,maxPerTx
FNDA:14,totalSpentPerDay
FNDA:2,deployedAtBlock
FNDA:0,gasLimitDepositRelay
FNDA:0,gasLimitWithdrawConfirm
FNDA:45,foreignDailyLimit
FNDA:34,erc677token
FNDA:0,setGasLimits
FNDA:6,deposit
FNDA:5,submitSignature
FNDA:1,signature
FNDA:1,message
FNDA:19,getCurrentDay
FNDA:15,setForeignDailyLimit
FNDA:9,withinLimit
FNDA:17,isInitialized
FNDA:5,homeGasPrice
FNDA:1,messages
FNDA:2,setMessages
FNDA:1,signatures
FNDA:3,setSignatures
FNDA:2,messagesSigned
FNDA:6,depositsSigned
FNDA:4,numMessagesSigned
FNDA:5,numDepositsSigned
FNDA:3,setMessagesSigned
FNDA:5,setDepositsSigned
FNDA:3,setNumMessagesSigned
FNDA:5,setNumDepositsSigned
FNDA:5,setTotalSpentPerDay
FNDA:15,setErc677token
FNDA:15,setInitialize
DA:34,15
DA:35,15
DA:36,15
DA:37,15
DA:38,15
DA:39,15
DA:40,15
DA:41,15
DA:42,15
DA:43,15
DA:44,15
DA:48,10
DA:49,10
DA:50,9
DA:51,5
DA:52,5
DA:53,5
DA:54,5
DA:58,17
DA:59,16
DA:63,17
DA:64,16
DA:68,7
DA:72,26
DA:76,14
DA:80,2
DA:84,0
DA:88,0
DA:92,45
DA:96,34
DA:100,0
DA:101,0
DA:102,0
DA:106,6
DA:109,6
DA:110,6
DA:113,6
DA:114,5
DA:116,5
DA:117,5
DA:119,5
DA:121,5
DA:124,3
DA:125,3
DA:139,5
DA:141,4
DA:142,4
DA:143,4
DA:145,4
DA:147,4
DA:149,2
DA:153,2
DA:155,3
DA:157,3
DA:158,3
DA:160,3
DA:162,3
DA:163,3
DA:164,1
DA:169,1
DA:170,1
DA:175,1
DA:179,19
DA:183,15
DA:184,15
DA:185,15
DA:189,9
DA:190,9
DA:194,17
DA:198,5
DA:202,1
DA:206,2
DA:210,1
DA:214,3
DA:218,2
DA:222,6
DA:226,4
DA:230,5
DA:234,3
DA:238,5
DA:242,3
DA:246,5
DA:250,5
DA:254,15
DA:255,15
DA:259,15
LF:86
LH:81
BRDA:34,1,0,15
BRDA:34,1,1,0
BRDA:35,2,0,15
BRDA:35,2,1,0
BRDA:36,3,0,15
BRDA:36,3,1,0
BRDA:37,4,0,15
BRDA:37,4,1,0
BRDA:48,5,0,10
BRDA:48,5,1,0
BRDA:49,6,0,9
BRDA:49,6,1,1
BRDA:50,7,0,5
BRDA:50,7,1,4
BRDA:58,8,0,16
BRDA:58,8,1,1
BRDA:63,9,0,16
BRDA:63,9,1,1
BRDA:106,10,0,6
BRDA:106,10,1,0
BRDA:113,11,0,5
BRDA:113,11,1,1
BRDA:121,12,0,3
BRDA:121,12,1,2
BRDA:139,13,0,4
BRDA:139,13,1,1
BRDA:141,14,0,4
BRDA:141,14,1,0
BRDA:147,15,0,2
BRDA:147,15,1,2
BRDA:149,16,0,1
BRDA:149,16,1,1
BRDA:163,17,0,1
BRDA:163,17,1,2
BRDA:183,18,0,15
BRDA:183,18,1,0
BRDA:254,19,0,15
BRDA:254,19,1,0
BRF:38
BRH:29
end_of_record
TN:
SF:/Users/mattbookpro/Dropbox/3months/bridge-contracts-fork/contracts/upgradeable_contracts/U_HomeBridge.sol
FN:16,initialize
FN:34,
FN:41,gasLimitWithdrawRelay
FN:45,deployedAtBlock
FN:49,homeDailyLimit
FN:53,totalSpentPerDay
FN:57,withdraws
FN:61,setGasLimitWithdrawRelay
FN:66,withdraw
FN:83,setHomeDailyLimit
FN:88,setMaxPerTx
FN:93,setMinPerTx
FN:98,minPerTx
FN:102,getCurrentDay
FN:106,maxPerTx
FN:110,withinLimit
FN:115,isInitialized
FN:119,setTotalSpentPerDay
FN:123,setWithdraws
FN:127,setInitialize
FNF:20
FNH:18
FNDA:15,initialize
FNDA:15,
FNDA:0,gasLimitWithdrawRelay
FNDA:2,deployedAtBlock
FNDA:58,homeDailyLimit
FNDA:29,totalSpentPerDay
FNDA:19,withdraws
FNDA:0,setGasLimitWithdrawRelay
FNDA:9,withdraw
FNDA:18,setHomeDailyLimit
FNDA:20,setMaxPerTx
FNDA:17,setMinPerTx
FNDA:13,minPerTx
FNDA:38,getCurrentDay
FNDA:31,maxPerTx
FNDA:15,withinLimit
FNDA:19,isInitialized
FNDA:11,setTotalSpentPerDay
FNDA:6,setWithdraws
FNDA:13,setInitialize
DA:22,15
DA:23,15
DA:24,15
DA:25,15
DA:26,15
DA:27,15
DA:28,15
DA:29,15
DA:30,14
DA:31,13
DA:35,15
DA:36,15
DA:37,11
DA:38,11
DA:42,0
DA:46,2
DA:50,58
DA:54,29
DA:58,19
DA:62,0
DA:63,0
DA:67,9
DA:68,9
DA:70,7
DA:71,7
DA:72,7
DA:73,7
DA:75,6
DA:78,6
DA:80,5
DA:84,18
DA:85,18
DA:89,20
DA:90,17
DA:94,17
DA:95,15
DA:99,13
DA:103,38
DA:107,31
DA:111,15
DA:112,15
DA:116,19
DA:120,11
DA:124,6
DA:128,13
LF:45
LH:42
BRDA:22,1,0,15
BRDA:22,1,1,0
BRDA:23,2,0,15
BRDA:23,2,1,0
BRDA:24,3,0,15
BRDA:24,3,1,0
BRDA:25,4,0,15
BRDA:25,4,1,0
BRDA:35,5,0,15
BRDA:35,5,1,0
BRDA:36,6,0,11
BRDA:36,6,1,4
BRDA:67,7,0,9
BRDA:67,7,1,0
BRDA:68,8,0,7
BRDA:68,8,1,2
BRDA:73,9,0,6
BRDA:73,9,1,1
BRDA:89,10,0,17
BRDA:89,10,1,3
BRDA:94,11,0,15
BRDA:94,11,1,2
BRF:22
BRH:16
end_of_record
TN:
SF:/Users/mattbookpro/Dropbox/3months/bridge-contracts-fork/contracts/upgradeable_contracts/U_Validatable.sol
FN:8,validatorContract
FN:12,onlyValidator
FN:17,onlyOwner
FNF:3
FNH:3
FNDA:141,validatorContract
FNDA:12,onlyValidator
FNDA:108,onlyOwner
DA:9,141
DA:13,12
DA:14,11
DA:18,108
DA:19,104
LF:5
LH:5
BRDA:13,1,0,11
BRDA:13,1,1,1
BRDA:18,2,0,104
BRDA:18,2,1,4
BRF:4
BRH:4
end_of_record
