{"contracts\\ERC677.sol":{"l":{},"path":"D:/Blockchain-Solidity/poa-parity-bridge-contracts/contracts/ERC677.sol","s":{},"b":{},"f":{},"fnMap":{},"statementMap":{},"branchMap":{}},"contracts\\ERC677Receiver.sol":{"l":{},"path":"D:/Blockchain-Solidity/poa-parity-bridge-contracts/contracts/ERC677Receiver.sol","s":{},"b":{},"f":{},"fnMap":{},"statementMap":{},"branchMap":{}},"contracts\\IBridgeValidators.sol":{"l":{},"path":"D:/Blockchain-Solidity/poa-parity-bridge-contracts/contracts/IBridgeValidators.sol","s":{},"b":{},"f":{},"fnMap":{},"statementMap":{},"branchMap":{}},"contracts\\IBurnableMintableERC677Token.sol":{"l":{},"path":"D:/Blockchain-Solidity/poa-parity-bridge-contracts/contracts/IBurnableMintableERC677Token.sol","s":{},"b":{},"f":{},"fnMap":{},"statementMap":{},"branchMap":{}},"contracts\\libraries\\Helpers.sol":{"l":{"7":0,"8":0,"9":0,"12":0,"17":0,"18":0,"19":0,"24":0,"26":0,"27":0,"28":0,"32":0,"41":0,"42":0,"43":0,"44":0,"46":0,"47":0,"48":0,"49":0,"50":0,"52":0,"54":0,"61":0,"62":0,"63":0,"64":0,"66":0,"71":0,"75":0,"76":0},"path":"D:/Blockchain-Solidity/poa-parity-bridge-contracts/contracts/libraries/Helpers.sol","s":{"1":0,"2":0,"3":0,"4":0,"5":0,"6":0,"7":0,"8":0,"9":0,"10":0,"11":0,"12":0,"13":0,"14":0,"15":0,"16":0,"17":0,"18":0,"19":0,"20":0,"21":0,"22":0,"23":0,"24":0,"25":0},"b":{"1":[0,0],"2":[0,0],"3":[0,0],"4":[0,0],"5":[0,0]},"f":{"1":0,"2":0,"3":0,"4":0,"5":0},"fnMap":{"1":{"name":"addressArrayContains","line":6,"loc":{"start":{"line":6,"column":4},"end":{"line":6,"column":92}}},"2":{"name":"uintToString","line":15,"loc":{"start":{"line":15,"column":4},"end":{"line":15,"column":74}}},"3":{"name":"hasEnoughValidSignatures","line":35,"loc":{"start":{"line":35,"column":4},"end":{"line":40,"column":76}}},"4":{"name":"recoverAddressFromSignedMessage","line":60,"loc":{"start":{"line":60,"column":4},"end":{"line":60,"column":106}}},"5":{"name":"hashMessage","line":74,"loc":{"start":{"line":74,"column":4},"end":{"line":74,"column":69}}}},"statementMap":{"1":{"start":{"line":7,"column":8},"end":{"line":7,"column":199}},"2":{"start":{"line":8,"column":12},"end":{"line":8,"column":261}},"3":{"start":{"line":9,"column":16},"end":{"line":9,"column":27}},"4":{"start":{"line":12,"column":8},"end":{"line":12,"column":20}},"5":{"start":{"line":17,"column":8},"end":{"line":17,"column":25}},"6":{"start":{"line":18,"column":8},"end":{"line":18,"column":40}},"7":{"start":{"line":24,"column":8},"end":{"line":24,"column":46}},"8":{"start":{"line":26,"column":8},"end":{"line":26,"column":29}},"9":{"start":{"line":27,"column":8},"end":{"line":27,"column":32}},"10":{"start":{"line":32,"column":8},"end":{"line":32,"column":29}},"11":{"start":{"line":41,"column":8},"end":{"line":41,"column":75}},"12":{"start":{"line":42,"column":8},"end":{"line":42,"column":48}},"13":{"start":{"line":43,"column":8},"end":{"line":43,"column":58}},"14":{"start":{"line":44,"column":8},"end":{"line":44,"column":80}},"15":{"start":{"line":46,"column":8},"end":{"line":46,"column":1570}},"16":{"start":{"line":47,"column":12},"end":{"line":47,"column":77}},"17":{"start":{"line":48,"column":12},"end":{"line":48,"column":68}},"18":{"start":{"line":49,"column":12},"end":{"line":49,"column":1791}},"19":{"start":{"line":50,"column":16},"end":{"line":50,"column":28}},"20":{"start":{"line":52,"column":12},"end":{"line":52,"column":53}},"21":{"start":{"line":54,"column":8},"end":{"line":54,"column":19}},"22":{"start":{"line":61,"column":8},"end":{"line":61,"column":38}},"23":{"start":{"line":71,"column":8},"end":{"line":71,"column":62}},"24":{"start":{"line":75,"column":8},"end":{"line":75,"column":61}},"25":{"start":{"line":76,"column":8},"end":{"line":76,"column":79}}},"branchMap":{"1":{"line":8,"type":"if","locations":[{"start":{"line":8,"column":12},"end":{"line":8,"column":12}},{"start":{"line":8,"column":12},"end":{"line":8,"column":12}}]},"2":{"line":42,"type":"if","locations":[{"start":{"line":42,"column":8},"end":{"line":42,"column":8}},{"start":{"line":42,"column":8},"end":{"line":42,"column":8}}]},"3":{"line":48,"type":"if","locations":[{"start":{"line":48,"column":12},"end":{"line":48,"column":12}},{"start":{"line":48,"column":12},"end":{"line":48,"column":12}}]},"4":{"line":49,"type":"if","locations":[{"start":{"line":49,"column":12},"end":{"line":49,"column":12}},{"start":{"line":49,"column":12},"end":{"line":49,"column":12}}]},"5":{"line":61,"type":"if","locations":[{"start":{"line":61,"column":8},"end":{"line":61,"column":8}},{"start":{"line":61,"column":8},"end":{"line":61,"column":8}}]}}},"contracts\\libraries\\Message.sol":{"l":{"24":0,"26":0,"29":0,"33":0,"35":0,"38":0,"42":0,"44":0,"47":0},"path":"D:/Blockchain-Solidity/poa-parity-bridge-contracts/contracts/libraries/Message.sol","s":{"1":0,"2":0,"3":0},"b":{},"f":{"1":0,"2":0,"3":0},"fnMap":{"1":{"name":"getRecipient","line":23,"loc":{"start":{"line":23,"column":4},"end":{"line":23,"column":70}}},"2":{"name":"getValue","line":32,"loc":{"start":{"line":32,"column":4},"end":{"line":32,"column":66}}},"3":{"name":"getTransactionHash","line":41,"loc":{"start":{"line":41,"column":4},"end":{"line":41,"column":76}}}},"statementMap":{"1":{"start":{"line":29,"column":8},"end":{"line":29,"column":24}},"2":{"start":{"line":38,"column":8},"end":{"line":38,"column":20}},"3":{"start":{"line":47,"column":8},"end":{"line":47,"column":19}}},"branchMap":{}},"contracts\\libraries\\SafeMath.sol":{"l":{"14":0,"15":0,"17":0,"18":0,"19":0,"27":0,"29":0,"36":0,"37":0,"44":0,"45":0,"46":0},"path":"D:/Blockchain-Solidity/poa-parity-bridge-contracts/contracts/libraries/SafeMath.sol","s":{"1":0,"2":0,"3":0,"4":0,"5":0,"6":0,"7":0,"8":0,"9":0,"10":0,"11":0,"12":0},"b":{"1":[0,0],"2":[0,0],"3":[0,0],"4":[0,0]},"f":{"1":0,"2":0,"3":0,"4":0},"fnMap":{"1":{"name":"mul","line":13,"loc":{"start":{"line":13,"column":2},"end":{"line":13,"column":68}}},"2":{"name":"div","line":25,"loc":{"start":{"line":25,"column":2},"end":{"line":25,"column":68}}},"3":{"name":"sub","line":35,"loc":{"start":{"line":35,"column":2},"end":{"line":35,"column":68}}},"4":{"name":"add","line":43,"loc":{"start":{"line":43,"column":2},"end":{"line":43,"column":68}}}},"statementMap":{"1":{"start":{"line":14,"column":4},"end":{"line":14,"column":293}},"2":{"start":{"line":15,"column":6},"end":{"line":15,"column":14}},"3":{"start":{"line":17,"column":4},"end":{"line":17,"column":20}},"4":{"start":{"line":18,"column":4},"end":{"line":18,"column":21}},"5":{"start":{"line":19,"column":4},"end":{"line":19,"column":12}},"6":{"start":{"line":27,"column":4},"end":{"line":27,"column":20}},"7":{"start":{"line":29,"column":4},"end":{"line":29,"column":12}},"8":{"start":{"line":36,"column":4},"end":{"line":36,"column":17}},"9":{"start":{"line":37,"column":4},"end":{"line":37,"column":16}},"10":{"start":{"line":44,"column":4},"end":{"line":44,"column":20}},"11":{"start":{"line":45,"column":4},"end":{"line":45,"column":17}},"12":{"start":{"line":46,"column":4},"end":{"line":46,"column":12}}},"branchMap":{"1":{"line":14,"type":"if","locations":[{"start":{"line":14,"column":4},"end":{"line":14,"column":4}},{"start":{"line":14,"column":4},"end":{"line":14,"column":4}}]},"2":{"line":18,"type":"if","locations":[{"start":{"line":18,"column":4},"end":{"line":18,"column":4}},{"start":{"line":18,"column":4},"end":{"line":18,"column":4}}]},"3":{"line":36,"type":"if","locations":[{"start":{"line":36,"column":4},"end":{"line":36,"column":4}},{"start":{"line":36,"column":4},"end":{"line":36,"column":4}}]},"4":{"line":45,"type":"if","locations":[{"start":{"line":45,"column":4},"end":{"line":45,"column":4}},{"start":{"line":45,"column":4},"end":{"line":45,"column":4}}]}}},"contracts\\libraries\\SafeMathMock.sol":{"l":{"10":0,"14":0,"18":0,"22":0},"path":"D:/Blockchain-Solidity/poa-parity-bridge-contracts/contracts/libraries/SafeMathMock.sol","s":{"1":0,"2":0,"3":0,"4":0},"b":{},"f":{"1":0,"2":0,"3":0,"4":0},"fnMap":{"1":{"name":"mul","line":9,"loc":{"start":{"line":9,"column":2},"end":{"line":9,"column":66}}},"2":{"name":"div","line":13,"loc":{"start":{"line":13,"column":2},"end":{"line":13,"column":66}}},"3":{"name":"sub","line":17,"loc":{"start":{"line":17,"column":2},"end":{"line":17,"column":66}}},"4":{"name":"add","line":21,"loc":{"start":{"line":21,"column":2},"end":{"line":21,"column":66}}}},"statementMap":{"1":{"start":{"line":10,"column":4},"end":{"line":10,"column":29}},"2":{"start":{"line":14,"column":4},"end":{"line":14,"column":29}},"3":{"start":{"line":18,"column":4},"end":{"line":18,"column":29}},"4":{"start":{"line":22,"column":4},"end":{"line":22,"column":29}}},"branchMap":{}},"contracts\\POA20.sol":{"l":{"22":0,"23":0,"29":0,"31":0,"32":0,"34":0,"41":0,"42":0,"49":0,"50":0,"51":0,"55":0},"path":"D:/Blockchain-Solidity/poa-parity-bridge-contracts/contracts/POA20.sol","s":{"1":0,"2":0,"3":0,"4":0,"5":0,"6":0,"7":0,"8":0,"9":0,"10":0},"b":{"1":[0,0],"2":[0,0]},"f":{"1":1,"2":0,"3":0,"4":0,"5":0,"6":0},"fnMap":{"1":{"name":"POA20","line":15,"loc":{"start":{"line":15,"column":4},"end":{"line":19,"column":53}}},"2":{"name":"validRecipient","line":21,"loc":{"start":{"line":21,"column":4},"end":{"line":21,"column":45}}},"3":{"name":"transferAndCall","line":26,"loc":{"start":{"line":26,"column":4},"end":{"line":28,"column":5}}},"4":{"name":"contractFallback","line":37,"loc":{"start":{"line":37,"column":4},"end":{"line":40,"column":5}}},"5":{"name":"isContract","line":45,"loc":{"start":{"line":45,"column":4},"end":{"line":48,"column":5}}},"6":{"name":"finishMinting","line":54,"loc":{"start":{"line":54,"column":4},"end":{"line":54,"column":48}}}},"statementMap":{"1":{"start":{"line":22,"column":8},"end":{"line":22,"column":71}},"2":{"start":{"line":29,"column":8},"end":{"line":29,"column":48}},"3":{"start":{"line":30,"column":13},"end":{"line":30,"column":52}},"4":{"start":{"line":31,"column":8},"end":{"line":31,"column":983}},"5":{"start":{"line":32,"column":12},"end":{"line":32,"column":56}},"6":{"start":{"line":34,"column":8},"end":{"line":34,"column":21}},"7":{"start":{"line":41,"column":8},"end":{"line":41,"column":52}},"8":{"start":{"line":42,"column":8},"end":{"line":42,"column":66}},"9":{"start":{"line":51,"column":8},"end":{"line":51,"column":25}},"10":{"start":{"line":55,"column":8},"end":{"line":55,"column":15}}},"branchMap":{"1":{"line":22,"type":"if","locations":[{"start":{"line":22,"column":8},"end":{"line":22,"column":8}},{"start":{"line":22,"column":8},"end":{"line":22,"column":8}}]},"2":{"line":31,"type":"if","locations":[{"start":{"line":31,"column":8},"end":{"line":31,"column":8}},{"start":{"line":31,"column":8},"end":{"line":31,"column":8}}]}}},"contracts\\upgradeability\\EternalStorage.sol":{"l":{},"path":"D:/Blockchain-Solidity/poa-parity-bridge-contracts/contracts/upgradeability/EternalStorage.sol","s":{},"b":{},"f":{},"fnMap":{},"statementMap":{},"branchMap":{}},"contracts\\upgradeability\\EternalStorageProxy.sol":{"l":{},"path":"D:/Blockchain-Solidity/poa-parity-bridge-contracts/contracts/upgradeability/EternalStorageProxy.sol","s":{},"b":{},"f":{},"fnMap":{},"statementMap":{},"branchMap":{}},"contracts\\upgradeability\\OwnedUpgradeabilityProxy.sol":{"l":{"23":1,"30":0,"31":0,"39":0,"47":0,"49":0,"58":0,"70":0,"71":0},"path":"D:/Blockchain-Solidity/poa-parity-bridge-contracts/contracts/upgradeability/OwnedUpgradeabilityProxy.sol","s":{"1":1,"2":0,"3":0,"4":0,"5":0,"6":0,"7":0,"8":0,"9":0},"b":{"1":[0,0],"2":[0,0],"3":[0,0]},"f":{"1":1,"2":0,"3":0,"4":0,"5":0,"6":0},"fnMap":{"1":{"name":"OwnedUpgradeabilityProxy","line":22,"loc":{"start":{"line":22,"column":4},"end":{"line":22,"column":44}}},"2":{"name":"onlyProxyOwner","line":29,"loc":{"start":{"line":29,"column":4},"end":{"line":29,"column":27}}},"3":{"name":"proxyOwner","line":38,"loc":{"start":{"line":38,"column":4},"end":{"line":38,"column":53}}},"4":{"name":"transferProxyOwnership","line":46,"loc":{"start":{"line":46,"column":4},"end":{"line":46,"column":73}}},"5":{"name":"upgradeTo","line":57,"loc":{"start":{"line":57,"column":4},"end":{"line":57,"column":82}}},"6":{"name":"upgradeToAndCall","line":69,"loc":{"start":{"line":69,"column":4},"end":{"line":69,"column":109}}}},"statementMap":{"1":{"start":{"line":23,"column":8},"end":{"line":23,"column":41}},"2":{"start":{"line":30,"column":8},"end":{"line":30,"column":42}},"3":{"start":{"line":39,"column":8},"end":{"line":39,"column":36}},"4":{"start":{"line":47,"column":8},"end":{"line":47,"column":38}},"5":{"start":{"line":48,"column":13},"end":{"line":48,"column":61}},"6":{"start":{"line":49,"column":8},"end":{"line":49,"column":39}},"7":{"start":{"line":58,"column":8},"end":{"line":58,"column":42}},"8":{"start":{"line":70,"column":8},"end":{"line":70,"column":41}},"9":{"start":{"line":71,"column":8},"end":{"line":71,"column":48}}},"branchMap":{"1":{"line":30,"type":"if","locations":[{"start":{"line":30,"column":8},"end":{"line":30,"column":8}},{"start":{"line":30,"column":8},"end":{"line":30,"column":8}}]},"2":{"line":47,"type":"if","locations":[{"start":{"line":47,"column":8},"end":{"line":47,"column":8}},{"start":{"line":47,"column":8},"end":{"line":47,"column":8}}]},"3":{"line":71,"type":"if","locations":[{"start":{"line":71,"column":8},"end":{"line":71,"column":8}},{"start":{"line":71,"column":8},"end":{"line":71,"column":8}}]}}},"contracts\\upgradeability\\Proxy.sol":{"l":{"21":0,"22":0,"23":0,"25":0},"path":"D:/Blockchain-Solidity/poa-parity-bridge-contracts/contracts/upgradeability/Proxy.sol","s":{"1":0,"2":0,"3":0},"b":{"1":[0,0]},"f":{"1":0},"fnMap":{"1":{"name":null,"line":20,"loc":{"start":{"line":20,"column":4},"end":{"line":20,"column":28}}}},"statementMap":{"1":{"start":{"line":21,"column":8},"end":{"line":21,"column":39}},"2":{"start":{"line":22,"column":8},"end":{"line":22,"column":35}},"3":{"start":{"line":23,"column":8},"end":{"line":23,"column":35}}},"branchMap":{"1":{"line":22,"type":"if","locations":[{"start":{"line":22,"column":8},"end":{"line":22,"column":8}},{"start":{"line":22,"column":8},"end":{"line":22,"column":8}}]}}},"contracts\\upgradeability\\UpgradeabilityOwnerStorage.sol":{"l":{"17":0,"24":1},"path":"D:/Blockchain-Solidity/poa-parity-bridge-contracts/contracts/upgradeability/UpgradeabilityOwnerStorage.sol","s":{"1":0,"2":1},"b":{},"f":{"1":0,"2":1},"fnMap":{"1":{"name":"upgradeabilityOwner","line":16,"loc":{"start":{"line":16,"column":4},"end":{"line":16,"column":62}}},"2":{"name":"setUpgradeabilityOwner","line":23,"loc":{"start":{"line":23,"column":4},"end":{"line":23,"column":74}}}},"statementMap":{"1":{"start":{"line":17,"column":8},"end":{"line":17,"column":35}},"2":{"start":{"line":24,"column":8},"end":{"line":24,"column":52}}},"branchMap":{}},"contracts\\upgradeability\\UpgradeabilityProxy.sol":{"l":{"25":0,"26":0,"27":0},"path":"D:/Blockchain-Solidity/poa-parity-bridge-contracts/contracts/upgradeability/UpgradeabilityProxy.sol","s":{"1":0,"2":0,"3":0,"4":0},"b":{"1":[0,0]},"f":{"1":0},"fnMap":{"1":{"name":"_upgradeTo","line":24,"loc":{"start":{"line":24,"column":4},"end":{"line":24,"column":70}}}},"statementMap":{"1":{"start":{"line":25,"column":8},"end":{"line":25,"column":49}},"2":{"start":{"line":26,"column":8},"end":{"line":26,"column":25}},"3":{"start":{"line":27,"column":8},"end":{"line":27,"column":39}},"4":{"start":{"line":28,"column":13},"end":{"line":28,"column":45}}},"branchMap":{"1":{"line":25,"type":"if","locations":[{"start":{"line":25,"column":8},"end":{"line":25,"column":8}},{"start":{"line":25,"column":8},"end":{"line":25,"column":8}}]}}},"contracts\\upgradeability\\UpgradeabilityStorage.sol":{"l":{"20":0,"28":0},"path":"D:/Blockchain-Solidity/poa-parity-bridge-contracts/contracts/upgradeability/UpgradeabilityStorage.sol","s":{"1":0,"2":0},"b":{},"f":{"1":0,"2":0},"fnMap":{"1":{"name":"version","line":19,"loc":{"start":{"line":19,"column":4},"end":{"line":19,"column":49}}},"2":{"name":"implementation","line":27,"loc":{"start":{"line":27,"column":4},"end":{"line":27,"column":57}}}},"statementMap":{"1":{"start":{"line":20,"column":8},"end":{"line":20,"column":23}},"2":{"start":{"line":28,"column":8},"end":{"line":28,"column":30}}},"branchMap":{}},"contracts\\upgradeable_contracts\\Ownable.sol":{"l":{"22":0,"23":0,"31":0,"39":0,"40":0,"48":0},"path":"D:/Blockchain-Solidity/poa-parity-bridge-contracts/contracts/upgradeable_contracts/Ownable.sol","s":{"1":0,"2":0,"3":0,"4":0,"5":0,"6":0},"b":{"1":[0,0],"2":[0,0]},"f":{"1":0,"2":0,"3":0,"4":0},"fnMap":{"1":{"name":"onlyOwner","line":21,"loc":{"start":{"line":21,"column":4},"end":{"line":21,"column":22}}},"2":{"name":"owner","line":30,"loc":{"start":{"line":30,"column":4},"end":{"line":30,"column":48}}},"3":{"name":"transferOwnership","line":38,"loc":{"start":{"line":38,"column":4},"end":{"line":38,"column":63}}},"4":{"name":"setOwner","line":46,"loc":{"start":{"line":46,"column":4},"end":{"line":46,"column":46}}}},"statementMap":{"1":{"start":{"line":22,"column":8},"end":{"line":22,"column":37}},"2":{"start":{"line":31,"column":8},"end":{"line":31,"column":49}},"3":{"start":{"line":39,"column":8},"end":{"line":39,"column":38}},"4":{"start":{"line":40,"column":8},"end":{"line":40,"column":25}},"5":{"start":{"line":47,"column":13},"end":{"line":47,"column":51}},"6":{"start":{"line":48,"column":8},"end":{"line":48,"column":52}}},"branchMap":{"1":{"line":22,"type":"if","locations":[{"start":{"line":22,"column":8},"end":{"line":22,"column":8}},{"start":{"line":22,"column":8},"end":{"line":22,"column":8}}]},"2":{"line":39,"type":"if","locations":[{"start":{"line":39,"column":8},"end":{"line":39,"column":8}},{"start":{"line":39,"column":8},"end":{"line":39,"column":8}}]}}},"contracts\\upgradeable_contracts\\U_BridgeValidators.sol":{"l":{"17":0,"18":0,"19":0,"20":0,"21":0,"22":0,"23":0,"24":0,"25":0,"26":0,"29":0,"30":0,"31":0,"32":0,"36":0,"37":0,"38":0,"39":0,"44":0,"45":0,"46":0,"47":0,"52":0,"53":0,"57":0,"61":0,"65":0,"69":0,"73":0,"77":0,"81":0,"85":0},"path":"D:/Blockchain-Solidity/poa-parity-bridge-contracts/contracts/upgradeable_contracts/U_BridgeValidators.sol","s":{"1":0,"2":0,"3":0,"4":0,"5":0,"6":0,"7":0,"8":0,"9":0,"10":0,"11":0,"12":0,"13":0,"14":0,"15":0,"16":0,"17":0,"18":0,"19":0,"20":0,"21":0,"22":0,"23":0,"24":0,"25":0,"26":0,"27":0,"28":0,"29":0,"30":0,"31":0,"32":0,"33":0,"34":0,"35":0},"b":{"1":[0,0],"2":[0,0],"3":[0,0],"4":[0,0],"5":[0,0],"6":[0,0],"7":[0,0],"8":[0,0],"9":[0,0],"10":[0,0],"11":[0,0],"12":[0,0]},"f":{"1":0,"2":0,"3":0,"4":0,"5":0,"6":0,"7":0,"8":0,"9":0,"10":0,"11":0,"12":0},"fnMap":{"1":{"name":"initialize","line":14,"loc":{"start":{"line":14,"column":4},"end":{"line":16,"column":5}}},"2":{"name":"addValidator","line":35,"loc":{"start":{"line":35,"column":4},"end":{"line":35,"column":60}}},"3":{"name":"removeValidator","line":43,"loc":{"start":{"line":43,"column":4},"end":{"line":43,"column":63}}},"4":{"name":"setRequiredSignatures","line":51,"loc":{"start":{"line":51,"column":4},"end":{"line":51,"column":78}}},"5":{"name":"requiredSignatures","line":56,"loc":{"start":{"line":56,"column":4},"end":{"line":56,"column":60}}},"6":{"name":"validatorCount","line":60,"loc":{"start":{"line":60,"column":4},"end":{"line":60,"column":56}}},"7":{"name":"validators","line":64,"loc":{"start":{"line":64,"column":4},"end":{"line":64,"column":67}}},"8":{"name":"isValidator","line":68,"loc":{"start":{"line":68,"column":4},"end":{"line":68,"column":68}}},"9":{"name":"isInitialized","line":72,"loc":{"start":{"line":72,"column":4},"end":{"line":72,"column":52}}},"10":{"name":"setValidatorCount","line":76,"loc":{"start":{"line":76,"column":4},"end":{"line":76,"column":61}}},"11":{"name":"setValidator","line":80,"loc":{"start":{"line":80,"column":4},"end":{"line":80,"column":65}}},"12":{"name":"setInitialize","line":84,"loc":{"start":{"line":84,"column":4},"end":{"line":84,"column":46}}}},"statementMap":{"1":{"start":{"line":17,"column":8},"end":{"line":17,"column":32}},"2":{"start":{"line":18,"column":8},"end":{"line":18,"column":36}},"3":{"start":{"line":19,"column":8},"end":{"line":19,"column":23}},"4":{"start":{"line":20,"column":8},"end":{"line":20,"column":40}},"5":{"start":{"line":21,"column":8},"end":{"line":21,"column":64}},"6":{"start":{"line":22,"column":8},"end":{"line":22,"column":750}},"7":{"start":{"line":23,"column":12},"end":{"line":23,"column":55}},"8":{"start":{"line":24,"column":12},"end":{"line":24,"column":60}},"9":{"start":{"line":25,"column":12},"end":{"line":25,"column":53}},"10":{"start":{"line":26,"column":12},"end":{"line":26,"column":52}},"11":{"start":{"line":27,"column":17},"end":{"line":27,"column":53}},"12":{"start":{"line":29,"column":8},"end":{"line":29,"column":55}},"13":{"start":{"line":30,"column":8},"end":{"line":30,"column":73}},"14":{"start":{"line":31,"column":8},"end":{"line":31,"column":26}},"15":{"start":{"line":32,"column":8},"end":{"line":32,"column":30}},"16":{"start":{"line":36,"column":8},"end":{"line":36,"column":40}},"17":{"start":{"line":37,"column":8},"end":{"line":37,"column":45}},"18":{"start":{"line":38,"column":8},"end":{"line":38,"column":49}},"19":{"start":{"line":39,"column":8},"end":{"line":39,"column":37}},"20":{"start":{"line":40,"column":13},"end":{"line":40,"column":38}},"21":{"start":{"line":44,"column":8},"end":{"line":44,"column":55}},"22":{"start":{"line":45,"column":8},"end":{"line":45,"column":39}},"23":{"start":{"line":46,"column":8},"end":{"line":46,"column":38}},"24":{"start":{"line":47,"column":8},"end":{"line":47,"column":49}},"25":{"start":{"line":48,"column":13},"end":{"line":48,"column":40}},"26":{"start":{"line":52,"column":8},"end":{"line":52,"column":55}},"27":{"start":{"line":53,"column":8},"end":{"line":53,"column":73}},"28":{"start":{"line":57,"column":8},"end":{"line":57,"column":59}},"29":{"start":{"line":61,"column":8},"end":{"line":61,"column":55}},"30":{"start":{"line":65,"column":8},"end":{"line":65,"column":63}},"31":{"start":{"line":69,"column":8},"end":{"line":69,"column":45}},"32":{"start":{"line":73,"column":8},"end":{"line":73,"column":54}},"33":{"start":{"line":77,"column":8},"end":{"line":77,"column":65}},"34":{"start":{"line":81,"column":8},"end":{"line":81,"column":65}},"35":{"start":{"line":85,"column":8},"end":{"line":85,"column":56}}},"branchMap":{"1":{"line":17,"type":"if","locations":[{"start":{"line":17,"column":8},"end":{"line":17,"column":8}},{"start":{"line":17,"column":8},"end":{"line":17,"column":8}}]},"2":{"line":18,"type":"if","locations":[{"start":{"line":18,"column":8},"end":{"line":18,"column":8}},{"start":{"line":18,"column":8},"end":{"line":18,"column":8}}]},"3":{"line":20,"type":"if","locations":[{"start":{"line":20,"column":8},"end":{"line":20,"column":8}},{"start":{"line":20,"column":8},"end":{"line":20,"column":8}}]},"4":{"line":21,"type":"if","locations":[{"start":{"line":21,"column":8},"end":{"line":21,"column":8}},{"start":{"line":21,"column":8},"end":{"line":21,"column":8}}]},"5":{"line":23,"type":"if","locations":[{"start":{"line":23,"column":12},"end":{"line":23,"column":12}},{"start":{"line":23,"column":12},"end":{"line":23,"column":12}}]},"6":{"line":24,"type":"if","locations":[{"start":{"line":24,"column":12},"end":{"line":24,"column":12}},{"start":{"line":24,"column":12},"end":{"line":24,"column":12}}]},"7":{"line":29,"type":"if","locations":[{"start":{"line":29,"column":8},"end":{"line":29,"column":8}},{"start":{"line":29,"column":8},"end":{"line":29,"column":8}}]},"8":{"line":36,"type":"if","locations":[{"start":{"line":36,"column":8},"end":{"line":36,"column":8}},{"start":{"line":36,"column":8},"end":{"line":36,"column":8}}]},"9":{"line":37,"type":"if","locations":[{"start":{"line":37,"column":8},"end":{"line":37,"column":8}},{"start":{"line":37,"column":8},"end":{"line":37,"column":8}}]},"10":{"line":44,"type":"if","locations":[{"start":{"line":44,"column":8},"end":{"line":44,"column":8}},{"start":{"line":44,"column":8},"end":{"line":44,"column":8}}]},"11":{"line":45,"type":"if","locations":[{"start":{"line":45,"column":8},"end":{"line":45,"column":8}},{"start":{"line":45,"column":8},"end":{"line":45,"column":8}}]},"12":{"line":52,"type":"if","locations":[{"start":{"line":52,"column":8},"end":{"line":52,"column":8}},{"start":{"line":52,"column":8},"end":{"line":52,"column":8}}]}}},"contracts\\upgradeable_contracts\\U_ForeignBridge.sol":{"l":{"34":0,"35":0,"36":0,"37":0,"38":0,"39":0,"40":0,"41":0,"42":0,"43":0,"44":0,"48":0,"49":0,"50":0,"51":0,"52":0,"54":0,"58":0,"59":0,"63":0,"64":0,"68":0,"72":0,"76":0,"80":0,"84":0,"88":0,"92":0,"96":0,"100":0,"101":0,"106":0,"109":0,"110":0,"112":0,"113":0,"115":0,"116":0,"120":0,"123":0,"138":0,"140":0,"141":0,"142":0,"144":0,"146":0,"148":0,"152":0,"154":0,"156":0,"157":0,"159":0,"162":0,"168":0,"169":0,"174":0,"178":0,"182":0,"187":0,"188":0,"192":0,"196":0,"200":0,"204":0,"208":0,"212":0,"216":0,"220":0,"224":0,"228":0,"232":0,"236":0,"240":0,"244":0,"248":0,"252":0,"253":0,"257":0},"path":"D:/Blockchain-Solidity/poa-parity-bridge-contracts/contracts/upgradeable_contracts/U_ForeignBridge.sol","s":{"1":0,"2":0,"3":0,"4":0,"5":0,"6":0,"7":0,"8":0,"9":0,"10":0,"11":0,"12":0,"13":0,"14":0,"15":0,"16":0,"17":0,"18":0,"19":0,"20":0,"21":0,"22":0,"23":0,"24":0,"25":0,"26":0,"27":0,"28":0,"29":0,"30":0,"31":0,"32":0,"33":0,"34":0,"35":0,"36":0,"37":0,"38":0,"39":0,"40":0,"41":0,"42":0,"43":0,"44":0,"45":0,"46":0,"47":0,"48":0,"49":0,"50":0,"51":0,"52":0,"53":0,"54":0,"55":0,"56":0,"57":0,"58":0,"59":0,"60":0,"61":0,"62":0,"63":0,"64":0,"65":0,"66":0,"67":0,"68":0,"69":0,"70":0,"71":0,"72":0,"73":0,"74":0,"75":0,"76":0,"77":0,"78":0,"79":0,"80":0,"81":0,"82":0,"83":0,"84":0,"85":0},"b":{"1":[0,0],"2":[0,0],"3":[0,0],"4":[0,0],"5":[0,0],"6":[0,0],"7":[0,0],"8":[0,0],"9":[0,0],"10":[0,0],"11":[0,0],"12":[0,0],"13":[0,0],"14":[0,0],"15":[0,0],"16":[0,0],"17":[0,0]},"f":{"1":0,"2":0,"3":0,"4":0,"5":0,"6":0,"7":0,"8":0,"9":0,"10":0,"11":0,"12":0,"13":0,"14":0,"15":0,"16":0,"17":0,"18":0,"19":0,"20":0,"21":0,"22":0,"23":0,"24":0,"25":0,"26":0,"27":0,"28":0,"29":0,"30":0,"31":0,"32":0,"33":0,"34":0,"35":0,"36":0,"37":0},"fnMap":{"1":{"name":"initialize","line":27,"loc":{"start":{"line":27,"column":4},"end":{"line":33,"column":28}}},"2":{"name":"onTokenTransfer","line":47,"loc":{"start":{"line":47,"column":4},"end":{"line":47,"column":93}}},"3":{"name":"setMaxPerTx","line":57,"loc":{"start":{"line":57,"column":4},"end":{"line":57,"column":58}}},"4":{"name":"setMinPerTx","line":62,"loc":{"start":{"line":62,"column":4},"end":{"line":62,"column":58}}},"5":{"name":"minPerTx","line":67,"loc":{"start":{"line":67,"column":4},"end":{"line":67,"column":50}}},"6":{"name":"maxPerTx","line":71,"loc":{"start":{"line":71,"column":4},"end":{"line":71,"column":50}}},"7":{"name":"totalSpentPerDay","line":75,"loc":{"start":{"line":75,"column":4},"end":{"line":75,"column":70}}},"8":{"name":"deployedAtBlock","line":79,"loc":{"start":{"line":79,"column":4},"end":{"line":79,"column":57}}},"9":{"name":"gasLimitDepositRelay","line":83,"loc":{"start":{"line":83,"column":4},"end":{"line":83,"column":62}}},"10":{"name":"gasLimitWithdrawConfirm","line":87,"loc":{"start":{"line":87,"column":4},"end":{"line":87,"column":65}}},"11":{"name":"foreignDailyLimit","line":91,"loc":{"start":{"line":91,"column":4},"end":{"line":91,"column":59}}},"12":{"name":"erc677token","line":95,"loc":{"start":{"line":95,"column":4},"end":{"line":95,"column":74}}},"13":{"name":"setGasLimits","line":99,"loc":{"start":{"line":99,"column":4},"end":{"line":99,"column":105}}},"14":{"name":"deposit","line":105,"loc":{"start":{"line":105,"column":4},"end":{"line":105,"column":98}}},"15":{"name":"submitSignature","line":136,"loc":{"start":{"line":136,"column":4},"end":{"line":136,"column":79}}},"16":{"name":"signature","line":167,"loc":{"start":{"line":167,"column":4},"end":{"line":167,"column":79}}},"17":{"name":"message","line":173,"loc":{"start":{"line":173,"column":4},"end":{"line":173,"column":61}}},"18":{"name":"getCurrentDay","line":177,"loc":{"start":{"line":177,"column":4},"end":{"line":177,"column":55}}},"19":{"name":"setForeignDailyLimit","line":181,"loc":{"start":{"line":181,"column":4},"end":{"line":181,"column":76}}},"20":{"name":"withinLimit","line":186,"loc":{"start":{"line":186,"column":4},"end":{"line":186,"column":65}}},"21":{"name":"isInitialized","line":191,"loc":{"start":{"line":191,"column":4},"end":{"line":191,"column":52}}},"22":{"name":"homeGasPrice","line":195,"loc":{"start":{"line":195,"column":4},"end":{"line":195,"column":56}}},"23":{"name":"messages","line":199,"loc":{"start":{"line":199,"column":4},"end":{"line":199,"column":62}}},"24":{"name":"setMessages","line":203,"loc":{"start":{"line":203,"column":4},"end":{"line":203,"column":61}}},"25":{"name":"signatures","line":207,"loc":{"start":{"line":207,"column":4},"end":{"line":207,"column":64}}},"26":{"name":"setSignatures","line":211,"loc":{"start":{"line":211,"column":4},"end":{"line":211,"column":65}}},"27":{"name":"messagesSigned","line":215,"loc":{"start":{"line":215,"column":4},"end":{"line":215,"column":69}}},"28":{"name":"depositsSigned","line":219,"loc":{"start":{"line":219,"column":4},"end":{"line":219,"column":69}}},"29":{"name":"numMessagesSigned","line":223,"loc":{"start":{"line":223,"column":4},"end":{"line":223,"column":76}}},"30":{"name":"numDepositsSigned","line":227,"loc":{"start":{"line":227,"column":4},"end":{"line":227,"column":76}}},"31":{"name":"setMessagesSigned","line":231,"loc":{"start":{"line":231,"column":4},"end":{"line":231,"column":65}}},"32":{"name":"setDepositsSigned","line":235,"loc":{"start":{"line":235,"column":4},"end":{"line":235,"column":68}}},"33":{"name":"setNumMessagesSigned","line":239,"loc":{"start":{"line":239,"column":4},"end":{"line":239,"column":74}}},"34":{"name":"setNumDepositsSigned","line":243,"loc":{"start":{"line":243,"column":4},"end":{"line":243,"column":74}}},"35":{"name":"setTotalSpentPerDay","line":247,"loc":{"start":{"line":247,"column":4},"end":{"line":247,"column":68}}},"36":{"name":"setErc677token","line":251,"loc":{"start":{"line":251,"column":4},"end":{"line":251,"column":49}}},"37":{"name":"setInitialize","line":256,"loc":{"start":{"line":256,"column":4},"end":{"line":256,"column":46}}}},"statementMap":{"1":{"start":{"line":34,"column":8},"end":{"line":34,"column":32}},"2":{"start":{"line":35,"column":8},"end":{"line":35,"column":48}},"3":{"start":{"line":36,"column":8},"end":{"line":36,"column":88}},"4":{"start":{"line":37,"column":8},"end":{"line":37,"column":74}},"5":{"start":{"line":38,"column":8},"end":{"line":38,"column":35}},"6":{"start":{"line":39,"column":8},"end":{"line":39,"column":71}},"7":{"start":{"line":40,"column":8},"end":{"line":40,"column":63}},"8":{"start":{"line":41,"column":8},"end":{"line":41,"column":53}},"9":{"start":{"line":42,"column":8},"end":{"line":42,"column":53}},"10":{"start":{"line":43,"column":8},"end":{"line":43,"column":26}},"11":{"start":{"line":44,"column":8},"end":{"line":44,"column":30}},"12":{"start":{"line":48,"column":8},"end":{"line":48,"column":54}},"13":{"start":{"line":49,"column":8},"end":{"line":49,"column":52}},"14":{"start":{"line":50,"column":8},"end":{"line":50,"column":35}},"15":{"start":{"line":51,"column":8},"end":{"line":51,"column":90}},"16":{"start":{"line":52,"column":8},"end":{"line":52,"column":20}},"17":{"start":{"line":53,"column":13},"end":{"line":53,"column":51}},"18":{"start":{"line":54,"column":8},"end":{"line":54,"column":19}},"19":{"start":{"line":58,"column":8},"end":{"line":58,"column":47}},"20":{"start":{"line":59,"column":8},"end":{"line":59,"column":53}},"21":{"start":{"line":63,"column":8},"end":{"line":63,"column":73}},"22":{"start":{"line":64,"column":8},"end":{"line":64,"column":53}},"23":{"start":{"line":68,"column":8},"end":{"line":68,"column":49}},"24":{"start":{"line":72,"column":8},"end":{"line":72,"column":49}},"25":{"start":{"line":76,"column":8},"end":{"line":76,"column":63}},"26":{"start":{"line":80,"column":8},"end":{"line":80,"column":56}},"27":{"start":{"line":84,"column":8},"end":{"line":84,"column":61}},"28":{"start":{"line":88,"column":8},"end":{"line":88,"column":64}},"29":{"start":{"line":92,"column":8},"end":{"line":92,"column":58}},"30":{"start":{"line":96,"column":8},"end":{"line":96,"column":85}},"31":{"start":{"line":100,"column":8},"end":{"line":100,"column":77}},"32":{"start":{"line":101,"column":8},"end":{"line":101,"column":83}},"33":{"start":{"line":102,"column":13},"end":{"line":102,"column":90}},"34":{"start":{"line":106,"column":8},"end":{"line":106,"column":54}},"35":{"start":{"line":109,"column":8},"end":{"line":109,"column":69}},"36":{"start":{"line":110,"column":8},"end":{"line":110,"column":58}},"37":{"start":{"line":112,"column":8},"end":{"line":112,"column":43}},"38":{"start":{"line":113,"column":8},"end":{"line":113,"column":42}},"39":{"start":{"line":115,"column":8},"end":{"line":115,"column":57}},"40":{"start":{"line":116,"column":8},"end":{"line":116,"column":44}},"41":{"start":{"line":118,"column":13},"end":{"line":118,"column":57}},"42":{"start":{"line":120,"column":8},"end":{"line":120,"column":4932}},"43":{"start":{"line":123,"column":12},"end":{"line":123,"column":24}},"44":{"start":{"line":124,"column":17},"end":{"line":124,"column":58}},"45":{"start":{"line":138,"column":8},"end":{"line":138,"column":96}},"46":{"start":{"line":140,"column":8},"end":{"line":140,"column":37}},"47":{"start":{"line":141,"column":8},"end":{"line":141,"column":40}},"48":{"start":{"line":142,"column":8},"end":{"line":142,"column":55}},"49":{"start":{"line":144,"column":8},"end":{"line":144,"column":51}},"50":{"start":{"line":146,"column":8},"end":{"line":146,"column":6092}},"51":{"start":{"line":148,"column":12},"end":{"line":148,"column":47}},"52":{"start":{"line":152,"column":12},"end":{"line":152,"column":37}},"53":{"start":{"line":154,"column":8},"end":{"line":154,"column":42}},"54":{"start":{"line":156,"column":8},"end":{"line":156,"column":52}},"55":{"start":{"line":157,"column":8},"end":{"line":157,"column":40}},"56":{"start":{"line":159,"column":8},"end":{"line":159,"column":41}},"57":{"start":{"line":161,"column":13},"end":{"line":161,"column":47}},"58":{"start":{"line":162,"column":8},"end":{"line":162,"column":6652}},"59":{"start":{"line":163,"column":17},"end":{"line":163,"column":53}},"60":{"start":{"line":168,"column":8},"end":{"line":168,"column":49}},"61":{"start":{"line":169,"column":8},"end":{"line":169,"column":34}},"62":{"start":{"line":174,"column":8},"end":{"line":174,"column":30}},"63":{"start":{"line":178,"column":8},"end":{"line":178,"column":27}},"64":{"start":{"line":182,"column":8},"end":{"line":182,"column":71}},"65":{"start":{"line":183,"column":13},"end":{"line":183,"column":42}},"66":{"start":{"line":187,"column":8},"end":{"line":187,"column":73}},"67":{"start":{"line":188,"column":8},"end":{"line":188,"column":97}},"68":{"start":{"line":192,"column":8},"end":{"line":192,"column":54}},"69":{"start":{"line":196,"column":8},"end":{"line":196,"column":29}},"70":{"start":{"line":200,"column":8},"end":{"line":200,"column":57}},"71":{"start":{"line":204,"column":8},"end":{"line":204,"column":60}},"72":{"start":{"line":208,"column":8},"end":{"line":208,"column":59}},"73":{"start":{"line":212,"column":8},"end":{"line":212,"column":64}},"74":{"start":{"line":216,"column":8},"end":{"line":216,"column":65}},"75":{"start":{"line":220,"column":8},"end":{"line":220,"column":65}},"76":{"start":{"line":224,"column":8},"end":{"line":224,"column":68}},"77":{"start":{"line":228,"column":8},"end":{"line":228,"column":68}},"78":{"start":{"line":232,"column":8},"end":{"line":232,"column":64}},"79":{"start":{"line":236,"column":8},"end":{"line":236,"column":67}},"80":{"start":{"line":240,"column":8},"end":{"line":240,"column":70}},"81":{"start":{"line":244,"column":8},"end":{"line":244,"column":70}},"82":{"start":{"line":248,"column":8},"end":{"line":248,"column":64}},"83":{"start":{"line":252,"column":8},"end":{"line":252,"column":36}},"84":{"start":{"line":253,"column":8},"end":{"line":253,"column":56}},"85":{"start":{"line":257,"column":8},"end":{"line":257,"column":56}}},"branchMap":{"1":{"line":34,"type":"if","locations":[{"start":{"line":34,"column":8},"end":{"line":34,"column":8}},{"start":{"line":34,"column":8},"end":{"line":34,"column":8}}]},"2":{"line":35,"type":"if","locations":[{"start":{"line":35,"column":8},"end":{"line":35,"column":8}},{"start":{"line":35,"column":8},"end":{"line":35,"column":8}}]},"3":{"line":36,"type":"if","locations":[{"start":{"line":36,"column":8},"end":{"line":36,"column":8}},{"start":{"line":36,"column":8},"end":{"line":36,"column":8}}]},"4":{"line":48,"type":"if","locations":[{"start":{"line":48,"column":8},"end":{"line":48,"column":8}},{"start":{"line":48,"column":8},"end":{"line":48,"column":8}}]},"5":{"line":49,"type":"if","locations":[{"start":{"line":49,"column":8},"end":{"line":49,"column":8}},{"start":{"line":49,"column":8},"end":{"line":49,"column":8}}]},"6":{"line":50,"type":"if","locations":[{"start":{"line":50,"column":8},"end":{"line":50,"column":8}},{"start":{"line":50,"column":8},"end":{"line":50,"column":8}}]},"7":{"line":58,"type":"if","locations":[{"start":{"line":58,"column":8},"end":{"line":58,"column":8}},{"start":{"line":58,"column":8},"end":{"line":58,"column":8}}]},"8":{"line":63,"type":"if","locations":[{"start":{"line":63,"column":8},"end":{"line":63,"column":8}},{"start":{"line":63,"column":8},"end":{"line":63,"column":8}}]},"9":{"line":106,"type":"if","locations":[{"start":{"line":106,"column":8},"end":{"line":106,"column":8}},{"start":{"line":106,"column":8},"end":{"line":106,"column":8}}]},"10":{"line":112,"type":"if","locations":[{"start":{"line":112,"column":8},"end":{"line":112,"column":8}},{"start":{"line":112,"column":8},"end":{"line":112,"column":8}}]},"11":{"line":120,"type":"if","locations":[{"start":{"line":120,"column":8},"end":{"line":120,"column":8}},{"start":{"line":120,"column":8},"end":{"line":120,"column":8}}]},"12":{"line":138,"type":"if","locations":[{"start":{"line":138,"column":8},"end":{"line":138,"column":8}},{"start":{"line":138,"column":8},"end":{"line":138,"column":8}}]},"13":{"line":140,"type":"if","locations":[{"start":{"line":140,"column":8},"end":{"line":140,"column":8}},{"start":{"line":140,"column":8},"end":{"line":140,"column":8}}]},"14":{"line":146,"type":"if","locations":[{"start":{"line":146,"column":8},"end":{"line":146,"column":8}},{"start":{"line":146,"column":8},"end":{"line":146,"column":8}}]},"15":{"line":148,"type":"if","locations":[{"start":{"line":148,"column":12},"end":{"line":148,"column":12}},{"start":{"line":148,"column":12},"end":{"line":148,"column":12}}]},"16":{"line":162,"type":"if","locations":[{"start":{"line":162,"column":8},"end":{"line":162,"column":8}},{"start":{"line":162,"column":8},"end":{"line":162,"column":8}}]},"17":{"line":252,"type":"if","locations":[{"start":{"line":252,"column":8},"end":{"line":252,"column":8}},{"start":{"line":252,"column":8},"end":{"line":252,"column":8}}]}}},"contracts\\upgradeable_contracts\\U_HomeBridge.sol":{"l":{"24":0,"25":0,"26":0,"27":0,"28":0,"29":0,"30":0,"31":0,"32":0,"33":0,"37":0,"38":0,"39":0,"44":0,"48":0,"52":0,"56":0,"60":0,"64":0,"69":0,"70":0,"72":0,"73":0,"74":0,"75":0,"76":0,"79":0,"85":0,"90":0,"91":0,"95":0,"96":0,"100":0,"104":0,"108":0,"112":0,"113":0,"117":0,"121":0,"125":0,"129":0},"path":"D:/Blockchain-Solidity/poa-parity-bridge-contracts/contracts/upgradeable_contracts/U_HomeBridge.sol","s":{"1":0,"2":0,"3":0,"4":0,"5":0,"6":0,"7":0,"8":0,"9":0,"10":0,"11":0,"12":0,"13":0,"14":0,"15":0,"16":0,"17":0,"18":0,"19":0,"20":0,"21":0,"22":0,"23":0,"24":0,"25":0,"26":0,"27":0,"28":0,"29":0,"30":0,"31":0,"32":0,"33":0,"34":0,"35":0,"36":0,"37":0,"38":0,"39":0,"40":0,"41":0,"42":0,"43":0,"44":0},"b":{"1":[0,0],"2":[0,0],"3":[0,0],"4":[0,0],"5":[0,0],"6":[0,0],"7":[0,0],"8":[0,0],"9":[0,0],"10":[0,0]},"f":{"1":0,"2":0,"3":0,"4":0,"5":0,"6":0,"7":0,"8":0,"9":0,"10":0,"11":0,"12":0,"13":0,"14":0,"15":0,"16":0,"17":0,"18":0,"19":0,"20":0},"fnMap":{"1":{"name":"initialize","line":16,"loc":{"start":{"line":16,"column":4},"end":{"line":23,"column":5}}},"2":{"name":null,"line":36,"loc":{"start":{"line":36,"column":4},"end":{"line":36,"column":28}}},"3":{"name":"gasLimitWithdrawRelay","line":43,"loc":{"start":{"line":43,"column":4},"end":{"line":43,"column":63}}},"4":{"name":"deployedAtBlock","line":47,"loc":{"start":{"line":47,"column":4},"end":{"line":47,"column":57}}},"5":{"name":"homeDailyLimit","line":51,"loc":{"start":{"line":51,"column":4},"end":{"line":51,"column":56}}},"6":{"name":"totalSpentPerDay","line":55,"loc":{"start":{"line":55,"column":4},"end":{"line":55,"column":70}}},"7":{"name":"withdraws","line":59,"loc":{"start":{"line":59,"column":4},"end":{"line":59,"column":65}}},"8":{"name":"setGasLimitWithdrawRelay","line":63,"loc":{"start":{"line":63,"column":4},"end":{"line":63,"column":66}}},"9":{"name":"withdraw","line":68,"loc":{"start":{"line":68,"column":4},"end":{"line":68,"column":81}}},"10":{"name":"setHomeDailyLimit","line":84,"loc":{"start":{"line":84,"column":4},"end":{"line":84,"column":70}}},"11":{"name":"setMaxPerTx","line":89,"loc":{"start":{"line":89,"column":4},"end":{"line":89,"column":58}}},"12":{"name":"setMinPerTx","line":94,"loc":{"start":{"line":94,"column":4},"end":{"line":94,"column":58}}},"13":{"name":"minPerTx","line":99,"loc":{"start":{"line":99,"column":4},"end":{"line":99,"column":50}}},"14":{"name":"getCurrentDay","line":103,"loc":{"start":{"line":103,"column":4},"end":{"line":103,"column":55}}},"15":{"name":"maxPerTx","line":107,"loc":{"start":{"line":107,"column":4},"end":{"line":107,"column":50}}},"16":{"name":"withinLimit","line":111,"loc":{"start":{"line":111,"column":4},"end":{"line":111,"column":65}}},"17":{"name":"isInitialized","line":116,"loc":{"start":{"line":116,"column":4},"end":{"line":116,"column":52}}},"18":{"name":"setTotalSpentPerDay","line":120,"loc":{"start":{"line":120,"column":4},"end":{"line":120,"column":68}}},"19":{"name":"setWithdraws","line":124,"loc":{"start":{"line":124,"column":4},"end":{"line":124,"column":64}}},"20":{"name":"setInitialize","line":128,"loc":{"start":{"line":128,"column":4},"end":{"line":128,"column":46}}}},"statementMap":{"1":{"start":{"line":24,"column":8},"end":{"line":24,"column":32}},"2":{"start":{"line":25,"column":8},"end":{"line":25,"column":48}},"3":{"start":{"line":26,"column":8},"end":{"line":26,"column":85}},"4":{"start":{"line":27,"column":8},"end":{"line":27,"column":74}},"5":{"start":{"line":28,"column":8},"end":{"line":28,"column":63}},"6":{"start":{"line":29,"column":8},"end":{"line":29,"column":65}},"7":{"start":{"line":30,"column":8},"end":{"line":30,"column":53}},"8":{"start":{"line":31,"column":8},"end":{"line":31,"column":53}},"9":{"start":{"line":32,"column":8},"end":{"line":32,"column":26}},"10":{"start":{"line":33,"column":8},"end":{"line":33,"column":30}},"11":{"start":{"line":37,"column":8},"end":{"line":37,"column":29}},"12":{"start":{"line":38,"column":8},"end":{"line":38,"column":38}},"13":{"start":{"line":39,"column":8},"end":{"line":39,"column":93}},"14":{"start":{"line":40,"column":13},"end":{"line":40,"column":42}},"15":{"start":{"line":44,"column":8},"end":{"line":44,"column":62}},"16":{"start":{"line":48,"column":8},"end":{"line":48,"column":56}},"17":{"start":{"line":52,"column":8},"end":{"line":52,"column":55}},"18":{"start":{"line":56,"column":8},"end":{"line":56,"column":63}},"19":{"start":{"line":60,"column":8},"end":{"line":60,"column":61}},"20":{"start":{"line":64,"column":8},"end":{"line":64,"column":61}},"21":{"start":{"line":65,"column":13},"end":{"line":65,"column":45}},"22":{"start":{"line":69,"column":8},"end":{"line":69,"column":37}},"23":{"start":{"line":70,"column":8},"end":{"line":70,"column":90}},"24":{"start":{"line":72,"column":8},"end":{"line":72,"column":56}},"25":{"start":{"line":73,"column":8},"end":{"line":73,"column":48}},"26":{"start":{"line":74,"column":8},"end":{"line":74,"column":57}},"27":{"start":{"line":75,"column":8},"end":{"line":75,"column":32}},"28":{"start":{"line":76,"column":8},"end":{"line":76,"column":31}},"29":{"start":{"line":81,"column":13},"end":{"line":81,"column":44}},"30":{"start":{"line":85,"column":8},"end":{"line":85,"column":65}},"31":{"start":{"line":86,"column":13},"end":{"line":86,"column":39}},"32":{"start":{"line":90,"column":8},"end":{"line":90,"column":44}},"33":{"start":{"line":91,"column":8},"end":{"line":91,"column":53}},"34":{"start":{"line":95,"column":8},"end":{"line":95,"column":70}},"35":{"start":{"line":96,"column":8},"end":{"line":96,"column":53}},"36":{"start":{"line":100,"column":8},"end":{"line":100,"column":49}},"37":{"start":{"line":104,"column":8},"end":{"line":104,"column":27}},"38":{"start":{"line":108,"column":8},"end":{"line":108,"column":49}},"39":{"start":{"line":112,"column":8},"end":{"line":112,"column":73}},"40":{"start":{"line":113,"column":8},"end":{"line":113,"column":94}},"41":{"start":{"line":117,"column":8},"end":{"line":117,"column":54}},"42":{"start":{"line":121,"column":8},"end":{"line":121,"column":64}},"43":{"start":{"line":125,"column":8},"end":{"line":125,"column":63}},"44":{"start":{"line":129,"column":8},"end":{"line":129,"column":56}}},"branchMap":{"1":{"line":24,"type":"if","locations":[{"start":{"line":24,"column":8},"end":{"line":24,"column":8}},{"start":{"line":24,"column":8},"end":{"line":24,"column":8}}]},"2":{"line":25,"type":"if","locations":[{"start":{"line":25,"column":8},"end":{"line":25,"column":8}},{"start":{"line":25,"column":8},"end":{"line":25,"column":8}}]},"3":{"line":26,"type":"if","locations":[{"start":{"line":26,"column":8},"end":{"line":26,"column":8}},{"start":{"line":26,"column":8},"end":{"line":26,"column":8}}]},"4":{"line":37,"type":"if","locations":[{"start":{"line":37,"column":8},"end":{"line":37,"column":8}},{"start":{"line":37,"column":8},"end":{"line":37,"column":8}}]},"5":{"line":38,"type":"if","locations":[{"start":{"line":38,"column":8},"end":{"line":38,"column":8}},{"start":{"line":38,"column":8},"end":{"line":38,"column":8}}]},"6":{"line":69,"type":"if","locations":[{"start":{"line":69,"column":8},"end":{"line":69,"column":8}},{"start":{"line":69,"column":8},"end":{"line":69,"column":8}}]},"7":{"line":70,"type":"if","locations":[{"start":{"line":70,"column":8},"end":{"line":70,"column":8}},{"start":{"line":70,"column":8},"end":{"line":70,"column":8}}]},"8":{"line":75,"type":"if","locations":[{"start":{"line":75,"column":8},"end":{"line":75,"column":8}},{"start":{"line":75,"column":8},"end":{"line":75,"column":8}}]},"9":{"line":90,"type":"if","locations":[{"start":{"line":90,"column":8},"end":{"line":90,"column":8}},{"start":{"line":90,"column":8},"end":{"line":90,"column":8}}]},"10":{"line":95,"type":"if","locations":[{"start":{"line":95,"column":8},"end":{"line":95,"column":8}},{"start":{"line":95,"column":8},"end":{"line":95,"column":8}}]}}},"contracts\\upgradeable_contracts\\U_Validatable.sol":{"l":{"9":0,"13":0,"14":0,"18":0,"19":0},"path":"D:/Blockchain-Solidity/poa-parity-bridge-contracts/contracts/upgradeable_contracts/U_Validatable.sol","s":{"1":0,"2":0,"3":0},"b":{"1":[0,0],"2":[0,0]},"f":{"1":0,"2":0,"3":0},"fnMap":{"1":{"name":"validatorContract","line":8,"loc":{"start":{"line":8,"column":4},"end":{"line":8,"column":69}}},"2":{"name":"onlyValidator","line":12,"loc":{"start":{"line":12,"column":4},"end":{"line":12,"column":26}}},"3":{"name":"onlyOwner","line":17,"loc":{"start":{"line":17,"column":4},"end":{"line":17,"column":22}}}},"statementMap":{"1":{"start":{"line":9,"column":8},"end":{"line":9,"column":80}},"2":{"start":{"line":13,"column":8},"end":{"line":13,"column":59}},"3":{"start":{"line":18,"column":8},"end":{"line":18,"column":57}}},"branchMap":{"1":{"line":13,"type":"if","locations":[{"start":{"line":13,"column":8},"end":{"line":13,"column":8}},{"start":{"line":13,"column":8},"end":{"line":13,"column":8}}]},"2":{"line":18,"type":"if","locations":[{"start":{"line":18,"column":8},"end":{"line":18,"column":8}},{"start":{"line":18,"column":8},"end":{"line":18,"column":8}}]}}}}